<?xml version="1.0" encoding="UTF-8"?>
<testsuite xmlns:xsi="http://www.w3.org/2001/XMLSchema-instance" xsi:noNamespaceSchemaLocation="https://maven.apache.org/surefire/maven-surefire-plugin/xsd/surefire-test-report-3.0.xsd" version="3.0" name="de.exxcellent.challenge.AppTest" time="0.047" tests="9" errors="0" skipped="0" failures="0">
  <properties>
[...]
</properties>
  <testcase name="readNonEmptyFile" classname="de.exxcellent.challenge.AppTest" time="0.015"/>
  <testcase name="runFootball" classname="de.exxcellent.challenge.AppTest" time="0">
    <system-out><![CDATA[Day with smallest temperature spread : 14
Team with smallest goal spread       : Aston_Villa
]]></system-out>
  </testcase>
  <testcase name="readNonExistingFile" classname="de.exxcellent.challenge.AppTest" time="0">
    <system-out><![CDATA[File does not exist!
]]></system-out>
  </testcase>
  <testcase name="findMinDataSpreadOfSingleLine" classname="de.exxcellent.challenge.AppTest" time="0"/>
  <testcase name="findMinDataSpreadOfFootballData" classname="de.exxcellent.challenge.AppTest" time="0"/>
  <testcase name="aPointlessTest" classname="de.exxcellent.challenge.AppTest" time="0"/>
  <testcase name="readEmptyFile" classname="de.exxcellent.challenge.AppTest" time="0.016">
    <system-out><![CDATA[File is empty!
]]></system-out>
  </testcase>
  <testcase name="findMinDataSpreadOfWeatherData" classname="de.exxcellent.challenge.AppTest" time="0"/>
  <testcase name="findMinDataSpreadOfEmptyList" classname="de.exxcellent.challenge.AppTest" time="0"/>
</testsuite>